[0m21:48:24.266179 [debug] [MainThread]: Sending event: {'category': 'dbt', 'action': 'invocation', 'label': 'start', 'context': [<snowplow_tracker.self_describing_json.SelfDescribingJson object at 0x0000026D96FEF0E0>, <snowplow_tracker.self_describing_json.SelfDescribingJson object at 0x0000026D93DBEAD0>, <snowplow_tracker.self_describing_json.SelfDescribingJson object at 0x0000026D99433B10>]}


============================== 21:48:24.273464 | e25215c8-5b27-416e-ac25-fdcf52d7298a ==============================
[0m21:48:24.273464 [info ] [MainThread]: Running with dbt=1.11.12
[0m21:48:24.274313 [debug] [MainThread]: running dbt with arguments {'static_parser': 'True', 'no_print': 'None', 'version_check': 'True', 'warn_error_options': 'WarnErrorOptionsV2(error=[], warn=[], silence=[])', 'target_path': 'None', 'printer_width': '80', 'write_json': 'True', 'empty': 'None', 'log_cache_events': 'False', 'introspect': 'True', 'cache_selected_only': 'False', 'log_format': 'default', 'debug': 'False', 'fail_fast': 'False', 'profiles_dir': 'C:\\Users\\Kenneth\\.dbt', 'send_anonymous_usage_stats': 'True', 'quiet': 'False', 'warn_error': 'None', 'partial_parse': 'True', 'use_colors': 'True', 'indirect_selection': 'eager', 'invocation_command': 'dbt init saas_project', 'use_experimental_parser': 'False', 'log_path': 'logs'}
[0m21:48:24.298427 [info ] [MainThread]: Creating dbt configuration folder at C:\Users\Kenneth\.dbt
[0m21:48:24.301427 [debug] [MainThread]: Starter project path: C:\projects\mrr_pipeline\saas-mrr-dbt-pipeline\dbt-env\Lib\site-packages\dbt\include\starter_project
[0m21:48:24.329173 [info ] [MainThread]: 
Your new dbt project "saas_project" was created!

For more information on how to configure the profiles.yml file,
please consult the dbt documentation here:

  https://docs.getdbt.com/docs/configure-your-profile

One more thing:

Need help? Don't hesitate to reach out to us via GitHub issues or on Slack:

  https://community.getdbt.com/

Happy modeling!

[0m21:48:24.329932 [info ] [MainThread]: Setting up your profile.
[0m21:50:25.651407 [info ] [MainThread]: Profile saas_project written to C:\Users\Kenneth\.dbt\profiles.yml using target's profile_template.yml and your supplied values. Run 'dbt debug' to validate the connection.
[0m21:50:25.653633 [debug] [MainThread]: Command `dbt init` succeeded at 21:50:25.653495 after 121.53 seconds
[0m21:50:25.654126 [debug] [MainThread]: Sending event: {'category': 'dbt', 'action': 'invocation', 'label': 'end', 'context': [<snowplow_tracker.self_describing_json.SelfDescribingJson object at 0x0000026DBAE9F6F0>, <snowplow_tracker.self_describing_json.SelfDescribingJson object at 0x0000026DBAE83BF0>, <snowplow_tracker.self_describing_json.SelfDescribingJson object at 0x0000026DBAE127A0>]}
[0m21:50:25.654653 [debug] [MainThread]: Flushing usage events
[0m21:50:27.682828 [debug] [MainThread]: An error was encountered while trying to flush usage events
[0m20:53:47.901839 [debug] [MainThread]: Sending event: {'category': 'dbt', 'action': 'invocation', 'label': 'start', 'context': [<snowplow_tracker.self_describing_json.SelfDescribingJson object at 0x000001BEADD130E0>, <snowplow_tracker.self_describing_json.SelfDescribingJson object at 0x000001BEAAB9EAD0>, <snowplow_tracker.self_describing_json.SelfDescribingJson object at 0x000001BEB011FED0>]}


============================== 20:53:47.932742 | 29d1bd82-3cd1-4678-bb03-c65ae777077a ==============================
[0m20:53:47.932742 [info ] [MainThread]: Running with dbt=1.11.12
[0m20:53:47.933960 [debug] [MainThread]: running dbt with arguments {'static_parser': 'True', 'no_print': 'None', 'version_check': 'True', 'target_path': 'None', 'warn_error_options': 'WarnErrorOptionsV2(error=[], warn=[], silence=[])', 'printer_width': '80', 'write_json': 'True', 'introspect': 'True', 'log_cache_events': 'False', 'empty': 'False', 'cache_selected_only': 'False', 'fail_fast': 'False', 'debug': 'False', 'log_format': 'default', 'partial_parse': 'True', 'send_anonymous_usage_stats': 'True', 'quiet': 'False', 'warn_error': 'None', 'profiles_dir': 'C:\\Users\\Kenneth\\.dbt', 'indirect_selection': 'eager', 'use_colors': 'True', 'invocation_command': 'dbt run', 'use_experimental_parser': 'False', 'log_path': 'logs'}
[0m20:53:47.934594 [error] [MainThread]: Encountered an error:
Runtime Error
  No dbt_project.yml found at expected path C:\projects\mrr_pipeline\saas-mrr-dbt-pipeline\dbt_project.yml
  Verify that each entry within packages.yml (and their transitive dependencies) contains a file named dbt_project.yml
  
[0m20:53:47.935601 [debug] [MainThread]: Command `dbt run` failed at 20:53:47.935405 after 0.43 seconds
[0m20:53:47.936067 [debug] [MainThread]: Sending event: {'category': 'dbt', 'action': 'invocation', 'label': 'end', 'context': [<snowplow_tracker.self_describing_json.SelfDescribingJson object at 0x000001BEAF02FBB0>, <snowplow_tracker.self_describing_json.SelfDescribingJson object at 0x000001BEB0234170>, <snowplow_tracker.self_describing_json.SelfDescribingJson object at 0x000001BEB01569C0>]}
[0m20:53:47.936392 [debug] [MainThread]: Flushing usage events
[0m20:53:50.581965 [debug] [MainThread]: An error was encountered while trying to flush usage events
[0m20:54:08.002014 [debug] [MainThread]: Sending event: {'category': 'dbt', 'action': 'invocation', 'label': 'start', 'context': [<snowplow_tracker.self_describing_json.SelfDescribingJson object at 0x0000018FB3D9F0E0>, <snowplow_tracker.self_describing_json.SelfDescribingJson object at 0x0000018FB0BFEAD0>, <snowplow_tracker.self_describing_json.SelfDescribingJson object at 0x0000018FB61A7ED0>]}


============================== 20:54:08.015675 | 2bc1d3b9-d8d3-4929-9496-e99106a467c2 ==============================
[0m20:54:08.015675 [info ] [MainThread]: Running with dbt=1.11.12
[0m20:54:08.016813 [debug] [MainThread]: running dbt with arguments {'version_check': 'True', 'no_print': 'None', 'static_parser': 'True', 'target_path': 'None', 'warn_error_options': 'WarnErrorOptionsV2(error=[], warn=[], silence=[])', 'printer_width': '80', 'write_json': 'True', 'empty': 'False', 'log_cache_events': 'False', 'introspect': 'True', 'cache_selected_only': 'False', 'fail_fast': 'False', 'debug': 'False', 'log_format': 'default', 'partial_parse': 'True', 'send_anonymous_usage_stats': 'True', 'quiet': 'False', 'warn_error': 'None', 'profiles_dir': 'C:\\Users\\Kenneth\\.dbt', 'invocation_command': 'dbt run', 'use_colors': 'True', 'indirect_selection': 'eager', 'use_experimental_parser': 'False', 'log_path': 'logs'}
[0m20:54:08.017577 [error] [MainThread]: Encountered an error:
Runtime Error
  No dbt_project.yml found at expected path C:\projects\mrr_pipeline\saas-mrr-dbt-pipeline\dbt_project.yml
  Verify that each entry within packages.yml (and their transitive dependencies) contains a file named dbt_project.yml
  
[0m20:54:08.018686 [debug] [MainThread]: Command `dbt run` failed at 20:54:08.018537 after 0.29 seconds
[0m20:54:08.019709 [debug] [MainThread]: Sending event: {'category': 'dbt', 'action': 'invocation', 'label': 'end', 'context': [<snowplow_tracker.self_describing_json.SelfDescribingJson object at 0x0000018FB50B3BB0>, <snowplow_tracker.self_describing_json.SelfDescribingJson object at 0x0000018FB62B4170>, <snowplow_tracker.self_describing_json.SelfDescribingJson object at 0x0000018FB61D29C0>]}
[0m20:54:08.020484 [debug] [MainThread]: Flushing usage events
[0m20:54:10.198259 [debug] [MainThread]: An error was encountered while trying to flush usage events
